<?xml version="1.0" encoding="UTF-8"?>
<!-- Generated by org.testng.reporters.JUnitReportReporter -->
<testsuite hostname="LAPTOP-1GLGBQCG" failures="0" tests="1" name="main.Testcase1" time="1.043" errors="0" timestamp="2020-09-27T02:02:32 IST" skipped="0">
  <testcase classname="main.Testcase1" name="TestcaseNumber1" time="1.043"/>
  <system-out/>
</testsuite> <!-- main.Testcase1 -->
