<?xml version="1.0" encoding="UTF-8"?>
<!-- Generated by org.testng.reporters.JUnitReportReporter -->
<testsuite hostname="LAPTOP-1GLGBQCG" failures="0" tests="1" name="main.Testcase2" time="5.924" errors="0" timestamp="2020-09-27T02:02:32 IST" skipped="0">
  <testcase classname="main.Testcase2" name="TestcaseNumber2" time="5.924"/>
  <system-out/>
</testsuite> <!-- main.Testcase2 -->
