<?xml version="1.0" encoding="UTF-8"?>
<!-- Generated by org.testng.reporters.JUnitReportReporter -->
<testsuite hostname="LAPTOP-1GLGBQCG" failures="0" tests="1" name="main.Testcase3" time="1.504" errors="0" timestamp="2020-09-27T02:02:32 IST" skipped="0">
  <testcase classname="main.Testcase3" name="TestcaseNumber3" time="1.504"/>
  <system-out/>
</testsuite> <!-- main.Testcase3 -->
